# JRE version: OpenJDK Runtime Environment 18.9 (11.0.15+10) (build 11.0.15+10)
# Java VM: OpenJDK 64-Bit Server VM 18.9 (11.0.15+10, mixed mode, tiered, compressed oops, g1 gc, windows-amd64)
Heap:
 garbage-first heap   total 471040K, used 460162K [0x00000000e0000000, 0x0000000100000000)
  region size 1024K, 21 young (21504K), 3 survivors (3072K)
 Metaspace       used 154699K, capacity 161065K, committed 161360K, reserved 395264K
  class space    used 18797K, capacity 21058K, committed 21248K, reserved 253952K
GC Heap History (20 events):
Event: 766.987 GC heap before
{Heap before GC invocations=439 (full 0):
 garbage-first heap   total 442368K, used 389864K [0x00000000e0000000, 0x0000000100000000)
  region size 1024K, 21 young (21504K), 3 survivors (3072K)
 Metaspace       used 152162K, capacity 158347K, committed 159056K, reserved 393216K
  class space    used 18491K, capacity 20707K, committed 20992K, reserved 253952K
}
Event: 767.021 GC heap after
{Heap after GC invocations=440 (full 0):
 garbage-first heap   total 442368K, used 369279K [0x00000000e0000000, 0x0000000100000000)
  region size 1024K, 3 young (3072K), 3 survivors (3072K)
 Metaspace       used 152162K, capacity 158347K, committed 159056K, reserved 393216K
  class space    used 18491K, capacity 20707K, committed 20992K, reserved 253952K
}
Event: 767.122 GC heap before
{Heap before GC invocations=440 (full 0):
 garbage-first heap   total 442368K, used 375423K [0x00000000e0000000, 0x0000000100000000)
  region size 1024K, 10 young (10240K), 3 survivors (3072K)
 Metaspace       used 152162K, capacity 158347K, committed 159056K, reserved 393216K
  class space    used 18491K, capacity 20707K, committed 20992K, reserved 253952K
}
Event: 767.133 GC heap after
{Heap after GC invocations=441 (full 0):
 garbage-first heap   total 442368K, used 370528K [0x00000000e0000000, 0x0000000100000000)
  region size 1024K, 1 young (1024K), 1 survivors (1024K)
 Metaspace       used 152162K, capacity 158347K, committed 159056K, reserved 393216K
  class space    used 18491K, capacity 20707K, committed 20992K, reserved 253952K
}
Event: 768.774 GC heap before
{Heap before GC invocations=441 (full 0):
 garbage-first heap   total 442368K, used 397152K [0x00000000e0000000, 0x0000000100000000)
  region size 1024K, 21 young (21504K), 1 survivors (1024K)
 Metaspace       used 152175K, capacity 158347K, committed 159056K, reserved 393216K
  class space    used 18491K, capacity 20707K, committed 20992K, reserved 253952K
}
Event: 768.788 GC heap after
{Heap after GC invocations=442 (full 0):
 garbage-first heap   total 442368K, used 377009K [0x00000000e0000000, 0x0000000100000000)
  region size 1024K, 1 young (1024K), 1 survivors (1024K)
 Metaspace       used 152175K, capacity 158347K, committed 159056K, reserved 393216K
  class space    used 18491K, capacity 20707K, committed 20992K, reserved 253952K
}
Event: 775.528 GC heap before
{Heap before GC invocations=443 (full 0):
 garbage-first heap   total 442368K, used 396465K [0x00000000e0000000, 0x0000000100000000)
  region size 1024K, 21 young (21504K), 1 survivors (1024K)
 Metaspace       used 152571K, capacity 158688K, committed 159312K, reserved 393216K
  class space    used 18540K, capacity 20775K, committed 20992K, reserved 253952K
}
Event: 775.534 GC heap after
{Heap after GC invocations=444 (full 0):
 garbage-first heap   total 442368K, used 369067K [0x00000000e0000000, 0x0000000100000000)
  region size 1024K, 2 young (2048K), 2 survivors (2048K)
 Metaspace       used 152571K, capacity 158688K, committed 159312K, reserved 393216K
  class space    used 18540K, capacity 20775K, committed 20992K, reserved 253952K
}
Event: 787.427 GC heap before
{Heap before GC invocations=444 (full 0):
 garbage-first heap   total 442368K, used 387499K [0x00000000e0000000, 0x0000000100000000)
  region size 1024K, 21 young (21504K), 2 survivors (2048K)
 Metaspace       used 152618K, capacity 158880K, committed 159312K, reserved 393216K
  class space    used 18540K, capacity 20775K, committed 20992K, reserved 253952K
}
Event: 787.472 GC heap after
{Heap after GC invocations=445 (full 0):
 garbage-first heap   total 442368K, used 354849K [0x00000000e0000000, 0x0000000100000000)
  region size 1024K, 2 young (2048K), 2 survivors (2048K)
 Metaspace       used 152618K, capacity 158880K, committed 159312K, reserved 393216K
  class space    used 18540K, capacity 20775K, committed 20992K, reserved 253952K
}
Event: 790.131 GC heap before
{Heap before GC invocations=445 (full 0):
 garbage-first heap   total 442368K, used 370209K [0x00000000e0000000, 0x0000000100000000)
  region size 1024K, 19 young (19456K), 2 survivors (2048K)
 Metaspace       used 153419K, capacity 159712K, committed 160208K, reserved 393216K
  class space    used 18641K, capacity 20889K, committed 21120K, reserved 253952K
}
Event: 790.162 GC heap after
{Heap after GC invocations=446 (full 0):
 garbage-first heap   total 442368K, used 356337K [0x00000000e0000000, 0x0000000100000000)
  region size 1024K, 3 young (3072K), 3 survivors (3072K)
 Metaspace       used 153419K, capacity 159712K, committed 160208K, reserved 393216K
  class space    used 18641K, capacity 20889K, committed 21120K, reserved 253952K
}
Event: 792.946 GC heap before
{Heap before GC invocations=447 (full 0):
 garbage-first heap   total 442368K, used 352241K [0x00000000e0000000, 0x0000000100000000)
  region size 1024K, 27 young (27648K), 3 survivors (3072K)
 Metaspace       used 153449K, capacity 159720K, committed 160208K, reserved 393216K
  class space    used 18646K, capacity 20891K, committed 21120K, reserved 253952K
}
Event: 792.966 GC heap after
{Heap after GC invocations=448 (full 0):
 garbage-first heap   total 442368K, used 354156K [0x00000000e0000000, 0x0000000100000000)
  region size 1024K, 4 young (4096K), 4 survivors (4096K)
 Metaspace       used 153449K, capacity 159720K, committed 160208K, reserved 393216K
  class space    used 18646K, capacity 20891K, committed 21120K, reserved 253952K
}
Event: 794.665 GC heap before
{Heap before GC invocations=448 (full 0):
 garbage-first heap   total 442368K, used 407404K [0x00000000e0000000, 0x0000000100000000)
  region size 1024K, 22 young (22528K), 4 survivors (4096K)
 Metaspace       used 153453K, capacity 159720K, committed 160208K, reserved 393216K
  class space    used 18646K, capacity 20891K, committed 21120K, reserved 253952K
}
Event: 794.684 GC heap after
{Heap after GC invocations=449 (full 0):
 garbage-first heap   total 442368K, used 367798K [0x00000000e0000000, 0x0000000100000000)
  region size 1024K, 3 young (3072K), 3 survivors (3072K)
 Metaspace       used 153453K, capacity 159720K, committed 160208K, reserved 393216K
  class space    used 18646K, capacity 20891K, committed 21120K, reserved 253952K
}
Event: 794.742 GC heap before
{Heap before GC invocations=449 (full 0):
 garbage-first heap   total 442368K, used 367798K [0x00000000e0000000, 0x0000000100000000)
  region size 1024K, 5 young (5120K), 3 survivors (3072K)
 Metaspace       used 153454K, capacity 159720K, committed 160208K, reserved 393216K
  class space    used 18646K, capacity 20891K, committed 21120K, reserved 253952K
}
Event: 794.749 GC heap after
{Heap after GC invocations=450 (full 0):
 garbage-first heap   total 442368K, used 369425K [0x00000000e0000000, 0x0000000100000000)
  region size 1024K, 2 young (2048K), 2 survivors (2048K)
 Metaspace       used 153454K, capacity 159720K, committed 160208K, reserved 393216K
  class space    used 18646K, capacity 20891K, committed 21120K, reserved 253952K
}
Event: 797.923 GC heap before
{Heap before GC invocations=451 (full 0):
 garbage-first heap   total 442368K, used 416529K [0x00000000e0000000, 0x0000000100000000)
  region size 1024K, 21 young (21504K), 2 survivors (2048K)
 Metaspace       used 153548K, capacity 159797K, committed 160208K, reserved 393216K
  class space    used 18652K, capacity 20894K, committed 21120K, reserved 253952K
}
Event: 797.935 GC heap after
{Heap after GC invocations=452 (full 0):
 garbage-first heap   total 442368K, used 386434K [0x00000000e0000000, 0x0000000100000000)
  region size 1024K, 3 young (3072K), 3 survivors (3072K)
 Metaspace       used 153548K, capacity 159797K, committed 160208K, reserved 393216K
  class space    used 18652K, capacity 20894K, committed 21120K, reserved 253952K
}

