# JRE version: OpenJDK Runtime Environment 18.9 (11.0.15+10) (build 11.0.15+10)
# Java VM: OpenJDK 64-Bit Server VM 18.9 (11.0.15+10, mixed mode, tiered, compressed oops, g1 gc, windows-amd64)
Heap:
 garbage-first heap   total 65536K, used 10038K [0x00000000fc000000, 0x0000000100000000)
  region size 1024K, 1 young (1024K), 1 survivors (1024K)
 Metaspace       used 13709K, capacity 13923K, committed 14080K, reserved 1075200K
  class space    used 1566K, capacity 1666K, committed 1792K, reserved 1048576K
GC Heap History (6 events):
Event: 3.019 GC heap before
{Heap before GC invocations=0 (full 0):
 garbage-first heap   total 65536K, used 16384K [0x00000000fc000000, 0x0000000100000000)
  region size 1024K, 14 young (14336K), 0 survivors (0K)
 Metaspace       used 7887K, capacity 8017K, committed 8192K, reserved 1056768K
  class space    used 693K, capacity 754K, committed 768K, reserved 1048576K
}
Event: 3.043 GC heap after
{Heap after GC invocations=1 (full 0):
 garbage-first heap   total 65536K, used 3613K [0x00000000fc000000, 0x0000000100000000)
  region size 1024K, 2 young (2048K), 2 survivors (2048K)
 Metaspace       used 7887K, capacity 8017K, committed 8192K, reserved 1056768K
  class space    used 693K, capacity 754K, committed 768K, reserved 1048576K
}
Event: 4.094 GC heap before
{Heap before GC invocations=1 (full 0):
 garbage-first heap   total 65536K, used 16925K [0x00000000fc000000, 0x0000000100000000)
  region size 1024K, 13 young (13312K), 2 survivors (2048K)
 Metaspace       used 10772K, capacity 10950K, committed 11264K, reserved 1058816K
  class space    used 1112K, capacity 1204K, committed 1280K, reserved 1048576K
}
Event: 4.102 GC heap after
{Heap after GC invocations=2 (full 0):
 garbage-first heap   total 65536K, used 9322K [0x00000000fc000000, 0x0000000100000000)
  region size 1024K, 2 young (2048K), 2 survivors (2048K)
 Metaspace       used 10772K, capacity 10950K, committed 11264K, reserved 1058816K
  class space    used 1112K, capacity 1204K, committed 1280K, reserved 1048576K
}
Event: 5.112 GC heap before
{Heap before GC invocations=2 (full 0):
 garbage-first heap   total 65536K, used 21610K [0x00000000fc000000, 0x0000000100000000)
  region size 1024K, 15 young (15360K), 2 survivors (2048K)
 Metaspace       used 13709K, capacity 13923K, committed 14080K, reserved 1073152K
  class space    used 1566K, capacity 1666K, committed 1792K, reserved 1048576K
}
Event: 5.126 GC heap after
{Heap after GC invocations=3 (full 0):
 garbage-first heap   total 65536K, used 10038K [0x00000000fc000000, 0x0000000100000000)
  region size 1024K, 1 young (1024K), 1 survivors (1024K)
 Metaspace       used 13709K, capacity 13923K, committed 14080K, reserved 1073152K
  class space    used 1566K, capacity 1666K, committed 1792K, reserved 1048576K
}

