# JRE version: OpenJDK Runtime Environment 18.9 (11.0.15+10) (build 11.0.15+10)
# Java VM: OpenJDK 64-Bit Server VM 18.9 (11.0.15+10, mixed mode, tiered, compressed oops, g1 gc, windows-amd64)
Heap:
 garbage-first heap   total 305152K, used 239230K [0x00000000e0000000, 0x0000000100000000)
  region size 1024K, 24 young (24576K), 1 survivors (1024K)
 Metaspace       used 116156K, capacity 121684K, committed 129488K, reserved 366592K
  class space    used 14355K, capacity 16245K, committed 17536K, reserved 253952K
GC Heap History (20 events):
Event: 1182.758 GC heap before
{Heap before GC invocations=105 (full 0):
 garbage-first heap   total 305152K, used 262030K [0x00000000e0000000, 0x0000000100000000)
  region size 1024K, 38 young (38912K), 2 survivors (2048K)
 Metaspace       used 115293K, capacity 120791K, committed 129488K, reserved 366592K
  class space    used 14302K, capacity 16182K, committed 17536K, reserved 253952K
}
Event: 1182.794 GC heap after
{Heap after GC invocations=106 (full 0):
 garbage-first heap   total 305152K, used 233472K [0x00000000e0000000, 0x0000000100000000)
  region size 1024K, 5 young (5120K), 5 survivors (5120K)
 Metaspace       used 115293K, capacity 120791K, committed 129488K, reserved 366592K
  class space    used 14302K, capacity 16182K, committed 17536K, reserved 253952K
}
Event: 1183.534 GC heap before
{Heap before GC invocations=106 (full 0):
 garbage-first heap   total 305152K, used 262144K [0x00000000e0000000, 0x0000000100000000)
  region size 1024K, 33 young (33792K), 5 survivors (5120K)
 Metaspace       used 115351K, capacity 120862K, committed 129488K, reserved 366592K
  class space    used 14303K, capacity 16183K, committed 17536K, reserved 253952K
}
Event: 1183.620 GC heap after
{Heap after GC invocations=107 (full 0):
 garbage-first heap   total 305152K, used 239042K [0x00000000e0000000, 0x0000000100000000)
  region size 1024K, 5 young (5120K), 5 survivors (5120K)
 Metaspace       used 115351K, capacity 120862K, committed 129488K, reserved 366592K
  class space    used 14303K, capacity 16183K, committed 17536K, reserved 253952K
}
Event: 1185.287 GC heap before
{Heap before GC invocations=107 (full 0):
 garbage-first heap   total 305152K, used 256450K [0x00000000e0000000, 0x0000000100000000)
  region size 1024K, 28 young (28672K), 5 survivors (5120K)
 Metaspace       used 115239K, capacity 120647K, committed 129488K, reserved 366592K
  class space    used 14277K, capacity 16131K, committed 17536K, reserved 253952K
}
Event: 1185.338 GC heap after
{Heap after GC invocations=108 (full 0):
 garbage-first heap   total 305152K, used 237552K [0x00000000e0000000, 0x0000000100000000)
  region size 1024K, 4 young (4096K), 4 survivors (4096K)
 Metaspace       used 115239K, capacity 120647K, committed 129488K, reserved 366592K
  class space    used 14277K, capacity 16131K, committed 17536K, reserved 253952K
}
Event: 1186.278 GC heap before
{Heap before GC invocations=109 (full 0):
 garbage-first heap   total 305152K, used 262128K [0x00000000e0000000, 0x0000000100000000)
  region size 1024K, 28 young (28672K), 4 survivors (4096K)
 Metaspace       used 115268K, capacity 120657K, committed 129488K, reserved 366592K
  class space    used 14280K, capacity 16133K, committed 17536K, reserved 253952K
}
Event: 1186.307 GC heap after
{Heap after GC invocations=110 (full 0):
 garbage-first heap   total 305152K, used 241290K [0x00000000e0000000, 0x0000000100000000)
  region size 1024K, 4 young (4096K), 4 survivors (4096K)
 Metaspace       used 115268K, capacity 120657K, committed 129488K, reserved 366592K
  class space    used 14280K, capacity 16133K, committed 17536K, reserved 253952K
}
Event: 1186.491 GC heap before
{Heap before GC invocations=110 (full 0):
 garbage-first heap   total 305152K, used 251530K [0x00000000e0000000, 0x0000000100000000)
  region size 1024K, 14 young (14336K), 4 survivors (4096K)
 Metaspace       used 115278K, capacity 120664K, committed 129488K, reserved 366592K
  class space    used 14281K, capacity 16135K, committed 17536K, reserved 253952K
}
Event: 1186.524 GC heap after
{Heap after GC invocations=111 (full 0):
 garbage-first heap   total 305152K, used 215239K [0x00000000e0000000, 0x0000000100000000)
  region size 1024K, 2 young (2048K), 2 survivors (2048K)
 Metaspace       used 115278K, capacity 120664K, committed 129488K, reserved 366592K
  class space    used 14281K, capacity 16135K, committed 17536K, reserved 253952K
}
Event: 1186.938 GC heap before
{Heap before GC invocations=111 (full 0):
 garbage-first heap   total 305152K, used 227527K [0x00000000e0000000, 0x0000000100000000)
  region size 1024K, 14 young (14336K), 2 survivors (2048K)
 Metaspace       used 115307K, capacity 120728K, committed 129488K, reserved 366592K
  class space    used 14281K, capacity 16135K, committed 17536K, reserved 253952K
}
Event: 1187.024 GC heap after
{Heap after GC invocations=112 (full 0):
 garbage-first heap   total 305152K, used 204800K [0x00000000e0000000, 0x0000000100000000)
  region size 1024K, 2 young (2048K), 2 survivors (2048K)
 Metaspace       used 115307K, capacity 120728K, committed 129488K, reserved 366592K
  class space    used 14281K, capacity 16135K, committed 17536K, reserved 253952K
}
Event: 1187.388 GC heap before
{Heap before GC invocations=112 (full 0):
 garbage-first heap   total 305152K, used 217088K [0x00000000e0000000, 0x0000000100000000)
  region size 1024K, 14 young (14336K), 2 survivors (2048K)
 Metaspace       used 115354K, capacity 120737K, committed 129488K, reserved 366592K
  class space    used 14282K, capacity 16136K, committed 17536K, reserved 253952K
}
Event: 1187.455 GC heap after
{Heap after GC invocations=113 (full 0):
 garbage-first heap   total 305152K, used 205312K [0x00000000e0000000, 0x0000000100000000)
  region size 1024K, 2 young (2048K), 2 survivors (2048K)
 Metaspace       used 115354K, capacity 120737K, committed 129488K, reserved 366592K
  class space    used 14282K, capacity 16136K, committed 17536K, reserved 253952K
}
Event: 1188.450 GC heap before
{Heap before GC invocations=113 (full 0):
 garbage-first heap   total 305152K, used 242176K [0x00000000e0000000, 0x0000000100000000)
  region size 1024K, 38 young (38912K), 2 survivors (2048K)
 Metaspace       used 115395K, capacity 120867K, committed 129488K, reserved 366592K
  class space    used 14282K, capacity 16136K, committed 17536K, reserved 253952K
}
Event: 1188.499 GC heap after
{Heap after GC invocations=114 (full 0):
 garbage-first heap   total 305152K, used 216064K [0x00000000e0000000, 0x0000000100000000)
  region size 1024K, 5 young (5120K), 5 survivors (5120K)
 Metaspace       used 115395K, capacity 120867K, committed 129488K, reserved 366592K
  class space    used 14282K, capacity 16136K, committed 17536K, reserved 253952K
}
Event: 1191.235 GC heap before
{Heap before GC invocations=115 (full 0):
 garbage-first heap   total 305152K, used 247808K [0x00000000e0000000, 0x0000000100000000)
  region size 1024K, 37 young (37888K), 5 survivors (5120K)
 Metaspace       used 115801K, capacity 121339K, committed 129488K, reserved 366592K
  class space    used 14329K, capacity 16193K, committed 17536K, reserved 253952K
}
Event: 1191.277 GC heap after
{Heap after GC invocations=116 (full 0):
 garbage-first heap   total 305152K, used 220559K [0x00000000e0000000, 0x0000000100000000)
  region size 1024K, 4 young (4096K), 4 survivors (4096K)
 Metaspace       used 115801K, capacity 121339K, committed 129488K, reserved 366592K
  class space    used 14329K, capacity 16193K, committed 17536K, reserved 253952K
}
Event: 1191.513 GC heap before
{Heap before GC invocations=116 (full 0):
 garbage-first heap   total 305152K, used 229775K [0x00000000e0000000, 0x0000000100000000)
  region size 1024K, 14 young (14336K), 4 survivors (4096K)
 Metaspace       used 115801K, capacity 121339K, committed 129488K, reserved 366592K
  class space    used 14329K, capacity 16193K, committed 17536K, reserved 253952K
}
Event: 1191.552 GC heap after
{Heap after GC invocations=117 (full 0):
 garbage-first heap   total 305152K, used 216702K [0x00000000e0000000, 0x0000000100000000)
  region size 1024K, 1 young (1024K), 1 survivors (1024K)
 Metaspace       used 115801K, capacity 121339K, committed 129488K, reserved 366592K
  class space    used 14329K, capacity 16193K, committed 17536K, reserved 253952K
}

